2025-04-19 18:04:06,016 - INFO - PIN successfully updated
2025-04-19 18:04:07,955 - WARNING - Failed login attempt 1
2025-04-19 18:04:11,943 - INFO - Successful login
2025-04-19 18:04:12,090 - ERROR - Error loading secure data: 
2025-04-19 18:04:12,091 - INFO - Data loaded successfully
2025-04-19 18:04:31,635 - INFO - Successfully saved secure data to inventory.csv
2025-04-19 18:04:31,637 - INFO - Successfully saved secure data to waste.csv
2025-04-19 18:04:31,640 - INFO - Successfully saved secure data to waste_batches.csv
2025-04-19 18:04:31,640 - INFO - Data saved successfully
2025-04-19 18:05:06,989 - INFO - Successfully saved secure data to inventory.csv
2025-04-19 18:05:06,991 - INFO - Successfully saved secure data to waste.csv
2025-04-19 18:05:06,993 - INFO - Successfully saved secure data to waste_batches.csv
2025-04-19 18:05:06,993 - INFO - Data saved successfully
2025-04-19 18:05:14,972 - WARNING - Failed login attempt 1
2025-04-19 18:05:20,471 - INFO - Successful login
2025-04-19 18:05:20,613 - INFO - Data loaded successfully
2025-04-19 18:05:24,805 - INFO - Successfully saved secure data to inventory.csv
2025-04-19 18:05:24,810 - INFO - Successfully saved secure data to waste.csv
2025-04-19 18:05:24,815 - INFO - Successfully saved secure data to waste_batches.csv
2025-04-19 18:05:24,815 - INFO - Data saved successfully
2025-04-19 18:05:28,121 - INFO - Successful login
2025-04-19 18:05:28,254 - INFO - Data loaded successfully
2025-04-19 18:09:18,539 - INFO - Successfully saved secure data to inventory.csv
2025-04-19 18:09:18,542 - INFO - Successfully saved secure data to waste.csv
2025-04-19 18:09:18,544 - INFO - Successfully saved secure data to waste_batches.csv
2025-04-19 18:09:18,544 - INFO - Data saved successfully
2025-04-19 18:10:20,306 - INFO - Successfully saved secure data to inventory.csv
2025-04-19 18:10:20,309 - INFO - Successfully saved secure data to waste.csv
2025-04-19 18:10:20,312 - INFO - Successfully saved secure data to waste_batches.csv
2025-04-19 18:10:20,312 - INFO - Data saved successfully
2025-04-19 18:11:13,320 - INFO - Successfully saved secure data to inventory.csv
2025-04-19 18:11:13,322 - INFO - Successfully saved secure data to waste.csv
2025-04-19 18:11:13,326 - INFO - Successfully saved secure data to waste_batches.csv
2025-04-19 18:11:13,326 - INFO - Data saved successfully
2025-04-19 18:11:20,203 - INFO - Successfully saved secure data to inventory.csv
2025-04-19 18:11:20,206 - INFO - Successfully saved secure data to waste.csv
2025-04-19 18:11:20,209 - INFO - Successfully saved secure data to waste_batches.csv
2025-04-19 18:11:20,209 - INFO - Data saved successfully
2025-04-19 18:12:42,295 - INFO - Successfully saved secure data to inventory.csv
2025-04-19 18:12:42,302 - INFO - Successfully saved secure data to waste.csv
2025-04-19 18:12:42,308 - INFO - Successfully saved secure data to waste_batches.csv
2025-04-19 18:12:42,308 - INFO - Data saved successfully
2025-04-19 18:21:45,956 - INFO - Successful login
2025-04-19 18:21:45,973 - INFO - PIN successfully updated
2025-04-19 18:21:49,444 - WARNING - Failed login attempt 1
2025-04-19 18:21:51,199 - WARNING - Failed login attempt 2
2025-04-19 18:21:54,660 - INFO - Successful login
2025-04-19 18:21:54,805 - INFO - Data loaded successfully
2025-04-19 18:21:57,186 - INFO - Successfully saved secure data to inventory.csv
2025-04-19 18:21:57,189 - INFO - Successfully saved secure data to waste.csv
2025-04-19 18:21:57,192 - INFO - Successfully saved secure data to waste_batches.csv
2025-04-19 18:21:57,192 - INFO - Data saved successfully
2025-04-19 18:22:02,633 - INFO - Successful login
2025-04-19 18:22:02,765 - INFO - Data loaded successfully
2025-04-19 18:22:06,922 - INFO - Successfully saved secure data to inventory.csv
2025-04-19 18:22:06,924 - INFO - Successfully saved secure data to waste.csv
2025-04-19 18:22:06,927 - INFO - Successfully saved secure data to waste_batches.csv
2025-04-19 18:22:06,927 - INFO - Data saved successfully
2025-04-19 18:30:31,775 - INFO - Successful login
2025-04-19 18:30:31,782 - INFO - PIN successfully updated
2025-04-19 18:30:34,394 - WARNING - Failed login attempt 1
2025-04-19 18:30:36,224 - WARNING - Failed login attempt 2
2025-04-19 18:30:39,594 - INFO - Successful login
2025-04-19 18:30:39,726 - INFO - Data loaded successfully
2025-04-19 18:30:41,005 - INFO - Successfully saved secure data to inventory.csv
2025-04-19 18:30:41,008 - INFO - Successfully saved secure data to waste.csv
2025-04-19 18:30:41,010 - INFO - Successfully saved secure data to waste_batches.csv
2025-04-19 18:30:41,010 - INFO - Data saved successfully
2025-04-19 18:30:50,563 - INFO - Successful login
2025-04-19 18:30:50,691 - INFO - Data loaded successfully
2025-04-19 18:30:51,975 - INFO - Successfully saved secure data to inventory.csv
2025-04-19 18:30:51,980 - INFO - Successfully saved secure data to waste.csv
2025-04-19 18:30:51,983 - INFO - Successfully saved secure data to waste_batches.csv
2025-04-19 18:30:51,984 - INFO - Data saved successfully
2025-04-19 18:31:53,756 - WARNING - Failed login attempt 1
2025-04-19 18:32:03,190 - INFO - Successful login
2025-04-19 18:32:03,200 - INFO - PIN successfully updated
2025-04-19 18:32:06,002 - WARNING - Failed login attempt 1
2025-04-19 18:32:09,346 - INFO - Successful login
2025-04-19 18:32:09,478 - INFO - Data loaded successfully
2025-04-19 18:32:12,122 - INFO - Successfully saved secure data to inventory.csv
2025-04-19 18:32:12,127 - INFO - Successfully saved secure data to waste.csv
2025-04-19 18:32:12,131 - INFO - Successfully saved secure data to waste_batches.csv
2025-04-19 18:32:12,131 - INFO - Data saved successfully
2025-04-19 18:32:17,577 - WARNING - Failed login attempt 1
2025-04-19 18:32:20,820 - INFO - Successful login
2025-04-19 18:32:20,953 - INFO - Data loaded successfully
2025-04-19 18:32:23,639 - INFO - Successfully saved secure data to inventory.csv
2025-04-19 18:32:23,642 - INFO - Successfully saved secure data to waste.csv
2025-04-19 18:32:23,645 - INFO - Successfully saved secure data to waste_batches.csv
2025-04-19 18:32:23,645 - INFO - Data saved successfully
2025-04-19 21:56:41,929 - INFO - Successful login
2025-04-19 21:56:42,060 - INFO - Data loaded successfully
2025-04-19 21:57:01,183 - INFO - Successfully saved secure data to inventory.csv
2025-04-19 21:57:01,185 - INFO - Successfully saved secure data to waste.csv
2025-04-19 21:57:01,189 - INFO - Successfully saved secure data to waste_batches.csv
2025-04-19 21:57:01,189 - INFO - Data saved successfully
2025-04-19 21:57:42,713 - INFO - Successful login
2025-04-19 21:57:42,845 - INFO - Data loaded successfully
2025-04-19 21:57:45,483 - INFO - Successfully saved secure data to inventory.csv
2025-04-19 21:57:45,488 - INFO - Successfully saved secure data to waste.csv
2025-04-19 21:57:45,493 - INFO - Successfully saved secure data to waste_batches.csv
2025-04-19 21:57:45,493 - INFO - Data saved successfully
